Removed Pin From Net: NetName=IOREF Pin=R2-1
Removed Pin From Net: NetName=IOREF Pin=S1-2
Removed Pin From Net: NetName=IOREF Pin=S1-2
Removed Pin From Net: NetName=ESP 3v3 Pin=U*1-4
Added Component: Designator=R9(FP-AT0805-IPC_C)
Added Component: Designator=R10(FP-AT0805-IPC_C)
Added Component: Designator=R11(FP-AT0805-IPC_C)
Added Component: Designator=R12(FP-AT0805-IPC_C)
Added Pin To Net: NetName=NetR2_1 Pin=R2-1
Added Pin To Net: NetName=NetR2_1 Pin=R12-2
Added Pin To Net: NetName=NetR2_1 Pin=S1-2
Added Pin To Net: NetName=NetR2_1 Pin=S1-2
Added Net: Name=NetR2_1
Added Pin To Net: NetName=NetR9_2 Pin=R9-2
Added Pin To Net: NetName=NetR9_2 Pin=U*1-5
Added Net: Name=NetR9_2
Added Pin To Net: NetName=NetR10_1 Pin=R10-1
Added Pin To Net: NetName=NetR10_1 Pin=U*1-3
Added Net: Name=NetR10_1
Added Pin To Net: NetName=NetR11_1 Pin=R11-1
Added Pin To Net: NetName=NetR11_1 Pin=U*1-4
Added Net: Name=NetR11_1
